[     436ms] [LOG] BasicSubscriptions Runtime: 1.0.142 @ https://news.google.com/swg/js/v1/swg-basic.js:0
[     809ms] [LOG] _GLOBAL_CONFIG {} @ https://static.gleecdn.com/hura8/v3/hura8.js?11:0
[     814ms] [LOG] Search Setup Failed! @ https://static.gleecdn.com/hura8/v3/hura8.js?11:0
[     815ms] [LOG] No variant container @ https://static.gleecdn.com/hura8/v3/hura8.js?11:0
[     815ms] [LOG] Need to implement logging facility @ https://static.gleecdn.com/hura8/v3/hura8.js?11:0
[     822ms] [LOG] MCX44SA/A @ https://mygear.com.vn/mac-mini-m4-pro-12-core-cpu-16-core-gpu-ram-24gb-ssd-512gb-mac-os?gad_source=1&gad_campaignid=22914052974&gbraid=0AAAAACh0dzDmW8wJL6ft4tLVDB8RwozFd&gclid=EAIaIQobChMIrJWa1svLkwMVbSqDAx2TIDAjEAQYBSABEgKoOPD_BwE:8088
[     859ms] [VERBOSE] [DOM] Input elements should have autocomplete attributes (suggested: "current-password"): (More info: https://goo.gl/9p2vKq) %o @ https://mygear.com.vn/mac-mini-m4-pro-12-core-cpu-16-core-gpu-ram-24gb-ssd-512gb-mac-os?gad_source=1&gad_campaignid=22914052974&gbraid=0AAAAACh0dzDmW8wJL6ft4tLVDB8RwozFd&gclid=EAIaIQobChMIrJWa1svLkwMVbSqDAx2TIDAjEAQYBSABEgKoOPD_BwE:0
[     888ms] [LOG] History saved ! @ https://static.gleecdn.com/hura8/v3/hura8.js?11:0
[     989ms] [LOG] object @ https://mygear.com.vn/mac-mini-m4-pro-12-core-cpu-16-core-gpu-ram-24gb-ssd-512gb-mac-os?gad_source=1&gad_campaignid=22914052974&gbraid=0AAAAACh0dzDmW8wJL6ft4tLVDB8RwozFd&gclid=EAIaIQobChMIrJWa1svLkwMVbSqDAx2TIDAjEAQYBSABEgKoOPD_BwE:9279
[    1065ms] [WARNING] [Meta Pixel] - You are sending a non-standard event 'view-Product'. The preferred way to send these events is using trackCustom. See 'https://developers.facebook.com/docs/ads-for-websites/pixel-events/#events' for more information. @ https://connect.facebook.net/en_US/fbevents.js:177
[    1081ms] [WARNING] [Meta Pixel] - Invalid parameter format for currency. Please refer https://developers.facebook.com/docs/meta-pixel/reference/ for valid parameter specifications. @ https://connect.facebook.net/en_US/fbevents.js:177
[    1081ms] [WARNING] [Meta Pixel] - Invalid parameter format for value. Please refer https://developers.facebook.com/docs/meta-pixel/reference/ for valid parameter specifications. @ https://connect.facebook.net/en_US/fbevents.js:177
[    1096ms] [WARNING] [Meta Pixel] - Duplicate Pixel ID: 1298343877571299. @ https://connect.facebook.net/en_US/fbevents.js:177
[    1393ms] [ERROR] Attestation check for Attribution Reporting on https://www.facebook.com failed. @ https://mygear.com.vn/mac-mini-m4-pro-12-core-cpu-16-core-gpu-ram-24gb-ssd-512gb-mac-os?gad_source=1&gad_campaignid=22914052974&gbraid=0AAAAACh0dzDmW8wJL6ft4tLVDB8RwozFd&gclid=EAIaIQobChMIrJWa1svLkwMVbSqDAx2TIDAjEAQYBSABEgKoOPD_BwE:0
[    1408ms] [ERROR] Attestation check for Attribution Reporting on https://www.facebook.com failed. @ https://mygear.com.vn/mac-mini-m4-pro-12-core-cpu-16-core-gpu-ram-24gb-ssd-512gb-mac-os?gad_source=1&gad_campaignid=22914052974&gbraid=0AAAAACh0dzDmW8wJL6ft4tLVDB8RwozFd&gclid=EAIaIQobChMIrJWa1svLkwMVbSqDAx2TIDAjEAQYBSABEgKoOPD_BwE:0
[    1645ms] [WARNING] [TikTok Pixel] - Invalid Event Name Format
Issue: 1 event name was rejected for not following TikTok format requirements.
Suggestion: Go to your source code and update these event types according to TikTok format requirements. See https://ads.tiktok.com/help/article/custom-events?lang=en for more information. @ https://analytics.tiktok.com/i18n/pixel/static/main.MWE0ZWQ3ZWQwOQ.js:0
[    2101ms] [LOG] domain:  mygear.com.vn @ https://pc.baokim.vn/js/bk_plus_v2.popup.js:11
[    2101ms] [LOG] Sử dụng script B2B. @ https://pc.baokim.vn/js/bk_plus_v2.popup.js:14
[    2121ms] [WARNING] [TikTok Pixel] - Invalid Event Name Format
Issue: 1 event name was rejected for not following TikTok format requirements.
Suggestion: Go to your source code and update these event types according to TikTok format requirements. See https://ads.tiktok.com/help/article/custom-events?lang=en for more information. @ https://analytics.tiktok.com/i18n/pixel/static/main.MWE0ZWQ3ZWQwOQ.js:0
[    2426ms] [LOG] currentDomain:  mygear.com.vn @ https://public-cdn.baokim.vn/js-server/baokim.min.js?v=1775010859878:0
[    2426ms] [LOG] Script đã load xong @ https://pc.baokim.vn/js/bk_plus_v2.popup.js:18
[    2834ms] [LOG] configMrc:  {code: 200, message: Thành công!, data: Object} @ https://public-cdn.baokim.vn/js-server/baokim.min.js?v=1775010859878:0
[    2835ms] [LOG] productConfigBk:  {nameClass: .bk-product-name, imageClass: .bk-product-image, priceClass: .bk-product-price, qtyClass: .bk-product-qty, propertyClass: .bk-product-property} @ https://public-cdn.baokim.vn/js-server/baokim.min.js?v=1775010859878:0
[    2842ms] [LOG] bkBtnContent:  null @ https://public-cdn.baokim.vn/js-server/baokim.min.js?v=1775010859878:0
[    2842ms] [LOG] Chưa có bk-btn-box, tiến hành chèn vào... @ https://public-cdn.baokim.vn/js-server/baokim.min.js?v=1775010859878:0
[    2842ms] [LOG] initialProductData:  {productNames: Array(0), productPrices: Array(0), productQuantities: Array(0), productImages: Array(0), platformProductId: null} @ https://public-cdn.baokim.vn/js-server/baokim.min.js?v=1775010859878:0
[    2843ms] [WARNING] initialProductData is invalid, calling getData... @ https://public-cdn.baokim.vn/js-server/baokim.min.js?v=1775010859878:0
[    2843ms] [LOG] bkTotalPrice:  33390000 @ https://public-cdn.baokim.vn/js-server/baokim.min.js?v=1775010859878:0
[    2844ms] [LOG] configBtn:  {payment: Object, installment: Object, installment_amigo: Object} @ https://public-cdn.baokim.vn/js-server/baokim.min.js?v=1775010859878:0
[    2844ms] [LOG] initialProductData:  {productNames: Array(1), productPrices: Array(1), productQuantities: Array(1), productImages: Array(1), platformProductId: null} @ https://public-cdn.baokim.vn/js-server/baokim.min.js?v=1775010859878:0
[    2844ms] [LOG] configBtn:  {payment: Object, installment: Object, installment_amigo: Object} @ https://public-cdn.baokim.vn/js-server/baokim.min.js?v=1775010859878:0
[11073002ms] [WARNING] [TikTok Pixel] - Invalid Event Name Format
Issue: 1 event name was rejected for not following TikTok format requirements.
Suggestion: Go to your source code and update these event types according to TikTok format requirements. See https://ads.tiktok.com/help/article/custom-events?lang=en for more information. @ https://analytics.tiktok.com/i18n/pixel/static/main.MWE0ZWQ3ZWQwOQ.js:0
[11074472ms] [WARNING] [TikTok Pixel] - Invalid Event Name Format
Issue: 1 event name was rejected for not following TikTok format requirements.
Suggestion: Go to your source code and update these event types according to TikTok format requirements. See https://ads.tiktok.com/help/article/custom-events?lang=en for more information. @ https://analytics.tiktok.com/i18n/pixel/static/main.MWE0ZWQ3ZWQwOQ.js:0
[11075297ms] [WARNING] [TikTok Pixel] - Invalid Event Name Format
Issue: 1 event name was rejected for not following TikTok format requirements.
Suggestion: Go to your source code and update these event types according to TikTok format requirements. See https://ads.tiktok.com/help/article/custom-events?lang=en for more information. @ https://analytics.tiktok.com/i18n/pixel/static/main.MWE0ZWQ3ZWQwOQ.js:0
[11075309ms] [WARNING] [TikTok Pixel] - Invalid Event Name Format
Issue: 1 event name was rejected for not following TikTok format requirements.
Suggestion: Go to your source code and update these event types according to TikTok format requirements. See https://ads.tiktok.com/help/article/custom-events?lang=en for more information. @ https://analytics.tiktok.com/i18n/pixel/static/main.MWE0ZWQ3ZWQwOQ.js:0
[11077668ms] [WARNING] [TikTok Pixel] - Invalid Event Name Format
Issue: 1 event name was rejected for not following TikTok format requirements.
Suggestion: Go to your source code and update these event types according to TikTok format requirements. See https://ads.tiktok.com/help/article/custom-events?lang=en for more information. @ https://analytics.tiktok.com/i18n/pixel/static/main.MWE0ZWQ3ZWQwOQ.js:0
[11091220ms] [WARNING] [TikTok Pixel] - Invalid Event Name Format
Issue: 1 event name was rejected for not following TikTok format requirements.
Suggestion: Go to your source code and update these event types according to TikTok format requirements. See https://ads.tiktok.com/help/article/custom-events?lang=en for more information. @ https://analytics.tiktok.com/i18n/pixel/static/main.MWE0ZWQ3ZWQwOQ.js:0
