[     218ms] [LOG] Zalo Social Plugin is loaded successfully @ https://sp.zalo.me/plugins/sdk.js:1
[     218ms] [LOG] socialPluginsShare:  [] @ https://sp.zalo.me/plugins/sdk.js:1
[     233ms] [LOG] undefined @ https://macone.vn/wp-content/themes/mo/js/main.js?v=1.6.61.4:96
[    1377ms] [LOG] [CV] ConversionValidator initialized @ :0
[    1566ms] [ERROR] Attestation check for Attribution Reporting on https://www.facebook.com failed. @ https://macone.vn/mac-studio/:0
[    4055ms] [LOG] Zalo Social Plugin is loaded successfully @ https://sp.zalo.me/plugins/sdk.js:1
[    4055ms] [LOG] socialPluginsShare:  [] @ https://sp.zalo.me/plugins/sdk.js:1
[    4075ms] [LOG] undefined @ https://macone.vn/wp-content/themes/mo/js/main.js?v=1.6.61.4:96
[    4899ms] [LOG] [CV] ConversionValidator initialized @ :0
[    5091ms] [ERROR] Attestation check for Attribution Reporting on https://www.facebook.com failed. @ https://macone.vn/mac-studio-m4/:0
[    8392ms] [WARNING] The resource https://macone.vn/wp-content/uploads/2019/06/macone-vn-map.jpg was preloaded using link preload but not used within a few seconds from the window's load event. Please make sure it has an appropriate `as` value and it is preloaded intentionally. @ https://macone.vn/mac-studio-m4/:0
[    8392ms] [WARNING] The resource https://macone.vn/wp-content/uploads/2018/11/dathongbao-1-e1542425893350.png was preloaded using link preload but not used within a few seconds from the window's load event. Please make sure it has an appropriate `as` value and it is preloaded intentionally. @ https://macone.vn/mac-studio-m4/:0
[    8392ms] [WARNING] The resource https://macone.vn/wp-content/uploads/2019/06/macone-youtube.jpg was preloaded using link preload but not used within a few seconds from the window's load event. Please make sure it has an appropriate `as` value and it is preloaded intentionally. @ https://macone.vn/mac-studio-m4/:0
[    8392ms] [WARNING] The resource https://macone.vn/wp-content/themes/mo/images/logo-new.jpg was preloaded using link preload but not used within a few seconds from the window's load event. Please make sure it has an appropriate `as` value and it is preloaded intentionally. @ https://macone.vn/mac-studio-m4/:0
[    8392ms] [WARNING] The resource https://macone.vn/assets/custom.css?v=31813503 was preloaded using link preload but not used within a few seconds from the window's load event. Please make sure it has an appropriate `as` value and it is preloaded intentionally. @ https://macone.vn/mac-studio-m4/:0
[   12784ms] [WARNING] The resource https://macone.vn/wp-content/uploads/2019/06/macone-vn-map.jpg was preloaded using link preload but not used within a few seconds from the window's load event. Please make sure it has an appropriate `as` value and it is preloaded intentionally. @ https://macone.vn/mac-studio-m4/:0
[   12784ms] [WARNING] The resource https://macone.vn/wp-content/uploads/2018/11/dathongbao-1-e1542425893350.png was preloaded using link preload but not used within a few seconds from the window's load event. Please make sure it has an appropriate `as` value and it is preloaded intentionally. @ https://macone.vn/mac-studio-m4/:0
[   12784ms] [WARNING] The resource https://macone.vn/wp-content/uploads/2019/06/macone-youtube.jpg was preloaded using link preload but not used within a few seconds from the window's load event. Please make sure it has an appropriate `as` value and it is preloaded intentionally. @ https://macone.vn/mac-studio-m4/:0
[   12784ms] [WARNING] The resource https://macone.vn/wp-content/themes/mo/images/logo-new.jpg was preloaded using link preload but not used within a few seconds from the window's load event. Please make sure it has an appropriate `as` value and it is preloaded intentionally. @ https://macone.vn/mac-studio-m4/:0
[   12784ms] [WARNING] The resource https://macone.vn/assets/custom.css?v=31813503 was preloaded using link preload but not used within a few seconds from the window's load event. Please make sure it has an appropriate `as` value and it is preloaded intentionally. @ https://macone.vn/mac-studio-m4/:0
[  179609ms] [WARNING] The resource https://macone.vn/wp-content/uploads/2019/06/macone-vn-map.jpg was preloaded using link preload but not used within a few seconds from the window's load event. Please make sure it has an appropriate `as` value and it is preloaded intentionally. @ https://macone.vn/mac-studio-m4/:0
[  179609ms] [WARNING] The resource https://macone.vn/wp-content/uploads/2019/06/macone-youtube.jpg was preloaded using link preload but not used within a few seconds from the window's load event. Please make sure it has an appropriate `as` value and it is preloaded intentionally. @ https://macone.vn/mac-studio-m4/:0
[  179610ms] [WARNING] The resource https://macone.vn/wp-content/themes/mo/images/logo-new.jpg was preloaded using link preload but not used within a few seconds from the window's load event. Please make sure it has an appropriate `as` value and it is preloaded intentionally. @ https://macone.vn/mac-studio-m4/:0
[  179610ms] [WARNING] The resource https://macone.vn/assets/custom.css?v=31813503 was preloaded using link preload but not used within a few seconds from the window's load event. Please make sure it has an appropriate `as` value and it is preloaded intentionally. @ https://macone.vn/mac-studio-m4/:0
[  213050ms] [LOG] Zalo Social Plugin is loaded successfully @ https://sp.zalo.me/plugins/sdk.js:1
[  213051ms] [LOG] socialPluginsShare:  [] @ https://sp.zalo.me/plugins/sdk.js:1
[  213059ms] [LOG] undefined @ https://macone.vn/wp-content/themes/mo/js/main.js?v=1.6.61.4:96
[  213850ms] [LOG] [CV] ConversionValidator initialized @ :0
[  214116ms] [ERROR] Attestation check for Attribution Reporting on https://www.facebook.com failed. @ https://macone.vn/mac-studio/:0
[  221053ms] [WARNING] The resource https://macone.vn/assets/custom.css?v=324322750 was preloaded using link preload but not used within a few seconds from the window's load event. Please make sure it has an appropriate `as` value and it is preloaded intentionally. @ https://macone.vn/mac-studio/:0
[  221053ms] [WARNING] The resource https://macone.vn/wp-content/uploads/2019/06/macone-vn-map.jpg was preloaded using link preload but not used within a few seconds from the window's load event. Please make sure it has an appropriate `as` value and it is preloaded intentionally. @ https://macone.vn/mac-studio/:0
[  221053ms] [WARNING] The resource https://macone.vn/wp-content/uploads/2019/06/macone-youtube.jpg was preloaded using link preload but not used within a few seconds from the window's load event. Please make sure it has an appropriate `as` value and it is preloaded intentionally. @ https://macone.vn/mac-studio/:0
[  221053ms] [WARNING] The resource https://macone.vn/wp-content/themes/mo/images/logo-new.jpg was preloaded using link preload but not used within a few seconds from the window's load event. Please make sure it has an appropriate `as` value and it is preloaded intentionally. @ https://macone.vn/mac-studio/:0
[  250589ms] [LOG] Zalo Social Plugin is loaded successfully @ https://sp.zalo.me/plugins/sdk.js:1
[  250589ms] [LOG] socialPluginsShare:  [] @ https://sp.zalo.me/plugins/sdk.js:1
[  250595ms] [LOG] undefined @ https://macone.vn/wp-content/themes/mo/js/main.js?v=1.6.61.4:96
[  251680ms] [LOG] [CV] ConversionValidator initialized @ :0
[  251934ms] [ERROR] Attestation check for Attribution Reporting on https://www.facebook.com failed. @ https://macone.vn/mac-studio-m4/:0
[  255405ms] [WARNING] The resource https://macone.vn/wp-content/uploads/2019/06/macone-vn-map.jpg was preloaded using link preload but not used within a few seconds from the window's load event. Please make sure it has an appropriate `as` value and it is preloaded intentionally. @ https://macone.vn/mac-studio-m4/:0
[  255405ms] [WARNING] The resource https://macone.vn/wp-content/uploads/2018/11/dathongbao-1-e1542425893350.png was preloaded using link preload but not used within a few seconds from the window's load event. Please make sure it has an appropriate `as` value and it is preloaded intentionally. @ https://macone.vn/mac-studio-m4/:0
[  255405ms] [WARNING] The resource https://macone.vn/wp-content/uploads/2019/06/macone-youtube.jpg was preloaded using link preload but not used within a few seconds from the window's load event. Please make sure it has an appropriate `as` value and it is preloaded intentionally. @ https://macone.vn/mac-studio-m4/:0
[  255405ms] [WARNING] The resource https://macone.vn/wp-content/themes/mo/images/logo-new.jpg was preloaded using link preload but not used within a few seconds from the window's load event. Please make sure it has an appropriate `as` value and it is preloaded intentionally. @ https://macone.vn/mac-studio-m4/:0
[  255405ms] [WARNING] The resource https://macone.vn/assets/custom.css?v=31813503 was preloaded using link preload but not used within a few seconds from the window's load event. Please make sure it has an appropriate `as` value and it is preloaded intentionally. @ https://macone.vn/mac-studio-m4/:0
[  255862ms] [LOG] Zalo Social Plugin is loaded successfully @ https://sp.zalo.me/plugins/sdk.js:1
[  255862ms] [LOG] socialPluginsShare:  [] @ https://sp.zalo.me/plugins/sdk.js:1
[  255874ms] [LOG] undefined @ https://macone.vn/wp-content/themes/mo/js/main.js?v=1.6.61.4:96
[  256901ms] [LOG] [CV] ConversionValidator initialized @ :0
[  257085ms] [ERROR] Attestation check for Attribution Reporting on https://www.facebook.com failed. @ https://macone.vn/imac-mac-desktop/:0
[  258910ms] [LOG] Zalo Social Plugin is loaded successfully @ https://sp.zalo.me/plugins/sdk.js:1
[  258910ms] [LOG] socialPluginsShare:  [] @ https://sp.zalo.me/plugins/sdk.js:1
[  258923ms] [LOG] undefined @ https://macone.vn/wp-content/themes/mo/js/main.js?v=1.6.61.4:96
[  260036ms] [LOG] [CV] ConversionValidator initialized @ :0
[  260237ms] [ERROR] Attestation check for Attribution Reporting on https://www.facebook.com failed. @ https://macone.vn/mac-mini/:0
[  261333ms] [LOG] Zalo Social Plugin is loaded successfully @ https://sp.zalo.me/plugins/sdk.js:1
[  261334ms] [LOG] socialPluginsShare:  [] @ https://sp.zalo.me/plugins/sdk.js:1
[  261365ms] [LOG] undefined @ https://macone.vn/wp-content/themes/mo/js/main.js?v=1.6.61.4:96
[  262261ms] [LOG] [CV] ConversionValidator initialized @ :0
[  262475ms] [ERROR] Attestation check for Attribution Reporting on https://www.facebook.com failed. @ https://macone.vn/mac-mini/?gia-ban=tren-40-trieu:0
[  265821ms] [WARNING] The resource https://macone.vn/wp-content/uploads/2019/06/macone-vn-map.jpg was preloaded using link preload but not used within a few seconds from the window's load event. Please make sure it has an appropriate `as` value and it is preloaded intentionally. @ https://macone.vn/mac-mini/?gia-ban=tren-40-trieu:0
[  265822ms] [WARNING] The resource https://macone.vn/wp-content/uploads/2018/11/dathongbao-1-e1542425893350.png was preloaded using link preload but not used within a few seconds from the window's load event. Please make sure it has an appropriate `as` value and it is preloaded intentionally. @ https://macone.vn/mac-mini/?gia-ban=tren-40-trieu:0
[  265822ms] [WARNING] The resource https://macone.vn/wp-content/uploads/2019/06/macone-youtube.jpg was preloaded using link preload but not used within a few seconds from the window's load event. Please make sure it has an appropriate `as` value and it is preloaded intentionally. @ https://macone.vn/mac-mini/?gia-ban=tren-40-trieu:0
[  265822ms] [WARNING] The resource https://macone.vn/wp-content/themes/mo/images/logo-new.jpg was preloaded using link preload but not used within a few seconds from the window's load event. Please make sure it has an appropriate `as` value and it is preloaded intentionally. @ https://macone.vn/mac-mini/?gia-ban=tren-40-trieu:0
[  265822ms] [WARNING] The resource https://macone.vn/assets/custom.css?v=1821816517 was preloaded using link preload but not used within a few seconds from the window's load event. Please make sure it has an appropriate `as` value and it is preloaded intentionally. @ https://macone.vn/mac-mini/?gia-ban=tren-40-trieu:0
[  270189ms] [WARNING] The resource https://macone.vn/wp-content/uploads/2019/06/macone-vn-map.jpg was preloaded using link preload but not used within a few seconds from the window's load event. Please make sure it has an appropriate `as` value and it is preloaded intentionally. @ https://macone.vn/mac-mini/?gia-ban=tren-40-trieu:0
[  270189ms] [WARNING] The resource https://macone.vn/wp-content/uploads/2018/11/dathongbao-1-e1542425893350.png was preloaded using link preload but not used within a few seconds from the window's load event. Please make sure it has an appropriate `as` value and it is preloaded intentionally. @ https://macone.vn/mac-mini/?gia-ban=tren-40-trieu:0
[  270189ms] [WARNING] The resource https://macone.vn/wp-content/uploads/2019/06/macone-youtube.jpg was preloaded using link preload but not used within a few seconds from the window's load event. Please make sure it has an appropriate `as` value and it is preloaded intentionally. @ https://macone.vn/mac-mini/?gia-ban=tren-40-trieu:0
[  270189ms] [WARNING] The resource https://macone.vn/wp-content/themes/mo/images/logo-new.jpg was preloaded using link preload but not used within a few seconds from the window's load event. Please make sure it has an appropriate `as` value and it is preloaded intentionally. @ https://macone.vn/mac-mini/?gia-ban=tren-40-trieu:0
[  270189ms] [WARNING] The resource https://macone.vn/assets/custom.css?v=1821816517 was preloaded using link preload but not used within a few seconds from the window's load event. Please make sure it has an appropriate `as` value and it is preloaded intentionally. @ https://macone.vn/mac-mini/?gia-ban=tren-40-trieu:0
[  276711ms] [LOG] Zalo Social Plugin is loaded successfully @ https://sp.zalo.me/plugins/sdk.js:1
[  276711ms] [LOG] socialPluginsShare:  [] @ https://sp.zalo.me/plugins/sdk.js:1
[  276723ms] [LOG] undefined @ https://macone.vn/wp-content/themes/mo/js/main.js?v=1.6.61.4:96
[  277641ms] [LOG] [CV] ConversionValidator initialized @ :0
[  277860ms] [ERROR] Attestation check for Attribution Reporting on https://www.facebook.com failed. @ https://macone.vn/mac-mini-m4/:0
[  281163ms] [WARNING] The resource https://macone.vn/assets/custom.css?v=1051670 was preloaded using link preload but not used within a few seconds from the window's load event. Please make sure it has an appropriate `as` value and it is preloaded intentionally. @ https://macone.vn/mac-mini-m4/:0
[  281163ms] [WARNING] The resource https://macone.vn/wp-content/uploads/2019/06/macone-vn-map.jpg was preloaded using link preload but not used within a few seconds from the window's load event. Please make sure it has an appropriate `as` value and it is preloaded intentionally. @ https://macone.vn/mac-mini-m4/:0
[  281163ms] [WARNING] The resource https://macone.vn/wp-content/uploads/2018/11/dathongbao-1-e1542425893350.png was preloaded using link preload but not used within a few seconds from the window's load event. Please make sure it has an appropriate `as` value and it is preloaded intentionally. @ https://macone.vn/mac-mini-m4/:0
[  281163ms] [WARNING] The resource https://macone.vn/wp-content/uploads/2019/06/macone-youtube.jpg was preloaded using link preload but not used within a few seconds from the window's load event. Please make sure it has an appropriate `as` value and it is preloaded intentionally. @ https://macone.vn/mac-mini-m4/:0
[  281163ms] [WARNING] The resource https://macone.vn/wp-content/themes/mo/images/logo-new.jpg was preloaded using link preload but not used within a few seconds from the window's load event. Please make sure it has an appropriate `as` value and it is preloaded intentionally. @ https://macone.vn/mac-mini-m4/:0
[  284271ms] [LOG] Zalo Social Plugin is loaded successfully @ https://sp.zalo.me/plugins/sdk.js:1
[  284271ms] [LOG] socialPluginsShare:  [] @ https://sp.zalo.me/plugins/sdk.js:1
[  284281ms] [LOG] undefined @ https://macone.vn/wp-content/themes/mo/js/main.js?v=1.6.61.4:96
[  285244ms] [LOG] [CV] ConversionValidator initialized @ :0
[  285457ms] [ERROR] Attestation check for Attribution Reporting on https://www.facebook.com failed. @ https://macone.vn/imac-mac-desktop/:0
[  287117ms] [LOG] Zalo Social Plugin is loaded successfully @ https://sp.zalo.me/plugins/sdk.js:1
[  287117ms] [LOG] socialPluginsShare:  [] @ https://sp.zalo.me/plugins/sdk.js:1
[  287125ms] [LOG] undefined @ https://macone.vn/wp-content/themes/mo/js/main.js?v=1.6.61.4:96
[  287927ms] [LOG] [CV] ConversionValidator initialized @ :0
[  288122ms] [ERROR] Attestation check for Attribution Reporting on https://www.facebook.com failed. @ https://macone.vn/mac-pro/:0
[  291402ms] [WARNING] The resource https://macone.vn/wp-content/uploads/2019/06/macone-vn-map.jpg was preloaded using link preload but not used within a few seconds from the window's load event. Please make sure it has an appropriate `as` value and it is preloaded intentionally. @ https://macone.vn/mac-pro/:0
[  291402ms] [WARNING] The resource https://macone.vn/wp-content/uploads/2019/06/macone-youtube.jpg was preloaded using link preload but not used within a few seconds from the window's load event. Please make sure it has an appropriate `as` value and it is preloaded intentionally. @ https://macone.vn/mac-pro/:0
[  291402ms] [WARNING] The resource https://macone.vn/wp-content/themes/mo/images/logo-new.jpg was preloaded using link preload but not used within a few seconds from the window's load event. Please make sure it has an appropriate `as` value and it is preloaded intentionally. @ https://macone.vn/mac-pro/:0
[  291402ms] [WARNING] The resource https://macone.vn/assets/custom.css?v=1394964367 was preloaded using link preload but not used within a few seconds from the window's load event. Please make sure it has an appropriate `as` value and it is preloaded intentionally. @ https://macone.vn/mac-pro/:0
[  295824ms] [WARNING] The resource https://macone.vn/wp-content/uploads/2019/06/macone-vn-map.jpg was preloaded using link preload but not used within a few seconds from the window's load event. Please make sure it has an appropriate `as` value and it is preloaded intentionally. @ https://macone.vn/mac-pro/:0
[  295824ms] [WARNING] The resource https://macone.vn/wp-content/uploads/2019/06/macone-youtube.jpg was preloaded using link preload but not used within a few seconds from the window's load event. Please make sure it has an appropriate `as` value and it is preloaded intentionally. @ https://macone.vn/mac-pro/:0
[  295824ms] [WARNING] The resource https://macone.vn/wp-content/themes/mo/images/logo-new.jpg was preloaded using link preload but not used within a few seconds from the window's load event. Please make sure it has an appropriate `as` value and it is preloaded intentionally. @ https://macone.vn/mac-pro/:0
[  295824ms] [WARNING] The resource https://macone.vn/assets/custom.css?v=1394964367 was preloaded using link preload but not used within a few seconds from the window's load event. Please make sure it has an appropriate `as` value and it is preloaded intentionally. @ https://macone.vn/mac-pro/:0
[  304316ms] [WARNING] The resource https://macone.vn/wp-content/uploads/2019/06/macone-vn-map.jpg was preloaded using link preload but not used within a few seconds from the window's load event. Please make sure it has an appropriate `as` value and it is preloaded intentionally. @ https://macone.vn/mac-pro/:0
[  304316ms] [WARNING] The resource https://macone.vn/wp-content/uploads/2019/06/macone-youtube.jpg was preloaded using link preload but not used within a few seconds from the window's load event. Please make sure it has an appropriate `as` value and it is preloaded intentionally. @ https://macone.vn/mac-pro/:0
[  304316ms] [WARNING] The resource https://macone.vn/wp-content/themes/mo/images/logo-new.jpg was preloaded using link preload but not used within a few seconds from the window's load event. Please make sure it has an appropriate `as` value and it is preloaded intentionally. @ https://macone.vn/mac-pro/:0
[  304316ms] [WARNING] The resource https://macone.vn/assets/custom.css?v=1394964367 was preloaded using link preload but not used within a few seconds from the window's load event. Please make sure it has an appropriate `as` value and it is preloaded intentionally. @ https://macone.vn/mac-pro/:0
[  312120ms] [LOG] Zalo Social Plugin is loaded successfully @ https://sp.zalo.me/plugins/sdk.js:1
[  312120ms] [LOG] socialPluginsShare:  [] @ https://sp.zalo.me/plugins/sdk.js:1
[  312126ms] [LOG] undefined @ https://macone.vn/wp-content/themes/mo/js/main.js?v=1.6.61.4:96
[  313082ms] [LOG] [CV] ConversionValidator initialized @ :0
[  313298ms] [ERROR] Attestation check for Attribution Reporting on https://www.facebook.com failed. @ https://macone.vn/imac-mac-desktop/:0
[  316593ms] [WARNING] The resource https://macone.vn/wp-content/uploads/2019/06/macone-vn-map.jpg was preloaded using link preload but not used within a few seconds from the window's load event. Please make sure it has an appropriate `as` value and it is preloaded intentionally. @ https://macone.vn/imac-mac-desktop/:0
[  316593ms] [WARNING] The resource https://macone.vn/assets/custom.css?v=314897339 was preloaded using link preload but not used within a few seconds from the window's load event. Please make sure it has an appropriate `as` value and it is preloaded intentionally. @ https://macone.vn/imac-mac-desktop/:0
[  316593ms] [WARNING] The resource https://macone.vn/wp-content/uploads/2019/06/macone-youtube.jpg was preloaded using link preload but not used within a few seconds from the window's load event. Please make sure it has an appropriate `as` value and it is preloaded intentionally. @ https://macone.vn/imac-mac-desktop/:0
[  316593ms] [WARNING] The resource https://macone.vn/wp-content/themes/mo/images/logo-new.jpg was preloaded using link preload but not used within a few seconds from the window's load event. Please make sure it has an appropriate `as` value and it is preloaded intentionally. @ https://macone.vn/imac-mac-desktop/:0
[  317027ms] [LOG] Zalo Social Plugin is loaded successfully @ https://sp.zalo.me/plugins/sdk.js:1
[  317027ms] [LOG] socialPluginsShare:  [] @ https://sp.zalo.me/plugins/sdk.js:1
[  317031ms] [LOG] undefined @ https://macone.vn/wp-content/themes/mo/js/main.js?v=1.6.61.4:96
[  317850ms] [LOG] [CV] ConversionValidator initialized @ :0
[  318098ms] [ERROR] Attestation check for Attribution Reporting on https://www.facebook.com failed. @ https://macone.vn/mac-studio/:0
[  321344ms] [WARNING] The resource https://macone.vn/assets/custom.css?v=324322750 was preloaded using link preload but not used within a few seconds from the window's load event. Please make sure it has an appropriate `as` value and it is preloaded intentionally. @ https://macone.vn/mac-studio/:0
[  321344ms] [WARNING] The resource https://macone.vn/wp-content/uploads/2019/06/macone-vn-map.jpg was preloaded using link preload but not used within a few seconds from the window's load event. Please make sure it has an appropriate `as` value and it is preloaded intentionally. @ https://macone.vn/mac-studio/:0
[  321344ms] [WARNING] The resource https://macone.vn/wp-content/uploads/2018/11/dathongbao-1-e1542425893350.png was preloaded using link preload but not used within a few seconds from the window's load event. Please make sure it has an appropriate `as` value and it is preloaded intentionally. @ https://macone.vn/mac-studio/:0
[  321344ms] [WARNING] The resource https://macone.vn/wp-content/uploads/2019/06/macone-youtube.jpg was preloaded using link preload but not used within a few seconds from the window's load event. Please make sure it has an appropriate `as` value and it is preloaded intentionally. @ https://macone.vn/mac-studio/:0
[  321344ms] [WARNING] The resource https://macone.vn/wp-content/themes/mo/images/logo-new.jpg was preloaded using link preload but not used within a few seconds from the window's load event. Please make sure it has an appropriate `as` value and it is preloaded intentionally. @ https://macone.vn/mac-studio/:0
[  326787ms] [WARNING] The resource https://macone.vn/assets/custom.css?v=324322750 was preloaded using link preload but not used within a few seconds from the window's load event. Please make sure it has an appropriate `as` value and it is preloaded intentionally. @ https://macone.vn/mac-studio/:0
[  326787ms] [WARNING] The resource https://macone.vn/wp-content/uploads/2019/06/macone-vn-map.jpg was preloaded using link preload but not used within a few seconds from the window's load event. Please make sure it has an appropriate `as` value and it is preloaded intentionally. @ https://macone.vn/mac-studio/:0
[  326787ms] [WARNING] The resource https://macone.vn/wp-content/uploads/2018/11/dathongbao-1-e1542425893350.png was preloaded using link preload but not used within a few seconds from the window's load event. Please make sure it has an appropriate `as` value and it is preloaded intentionally. @ https://macone.vn/mac-studio/:0
[  326787ms] [WARNING] The resource https://macone.vn/wp-content/uploads/2019/06/macone-youtube.jpg was preloaded using link preload but not used within a few seconds from the window's load event. Please make sure it has an appropriate `as` value and it is preloaded intentionally. @ https://macone.vn/mac-studio/:0
[  326787ms] [WARNING] The resource https://macone.vn/wp-content/themes/mo/images/logo-new.jpg was preloaded using link preload but not used within a few seconds from the window's load event. Please make sure it has an appropriate `as` value and it is preloaded intentionally. @ https://macone.vn/mac-studio/:0
[  351284ms] [LOG] Zalo Social Plugin is loaded successfully @ https://sp.zalo.me/plugins/sdk.js:1
[  351284ms] [LOG] socialPluginsShare:  [] @ https://sp.zalo.me/plugins/sdk.js:1
[  351289ms] [LOG] undefined @ https://macone.vn/wp-content/themes/mo/js/main.js?v=1.6.61.4:96
[  352266ms] [LOG] [CV] ConversionValidator initialized @ :0
[  352472ms] [ERROR] Attestation check for Attribution Reporting on https://www.facebook.com failed. @ https://macone.vn/imac-mac-desktop/:0
[  352785ms] [LOG] Zalo Social Plugin is loaded successfully @ https://sp.zalo.me/plugins/sdk.js:1
[  352785ms] [LOG] socialPluginsShare:  [] @ https://sp.zalo.me/plugins/sdk.js:1
[  352791ms] [LOG] undefined @ https://macone.vn/wp-content/themes/mo/js/main.js?v=1.6.61.4:96
[  353977ms] [LOG] [CV] ConversionValidator initialized @ :0
[  354178ms] [ERROR] Attestation check for Attribution Reporting on https://www.facebook.com failed. @ https://macone.vn/mac-mini/:0
[  357479ms] [WARNING] The resource https://macone.vn/assets/custom.css?v=988461825 was preloaded using link preload but not used within a few seconds from the window's load event. Please make sure it has an appropriate `as` value and it is preloaded intentionally. @ https://macone.vn/mac-mini/:0
[  357479ms] [WARNING] The resource https://macone.vn/wp-content/uploads/2019/06/macone-vn-map.jpg was preloaded using link preload but not used within a few seconds from the window's load event. Please make sure it has an appropriate `as` value and it is preloaded intentionally. @ https://macone.vn/mac-mini/:0
[  357479ms] [WARNING] The resource https://macone.vn/wp-content/uploads/2018/11/dathongbao-1-e1542425893350.png was preloaded using link preload but not used within a few seconds from the window's load event. Please make sure it has an appropriate `as` value and it is preloaded intentionally. @ https://macone.vn/mac-mini/:0
[  357479ms] [WARNING] The resource https://macone.vn/wp-content/uploads/2019/06/macone-youtube.jpg was preloaded using link preload but not used within a few seconds from the window's load event. Please make sure it has an appropriate `as` value and it is preloaded intentionally. @ https://macone.vn/mac-mini/:0
[  357479ms] [WARNING] The resource https://macone.vn/wp-content/themes/mo/images/logo-new.jpg was preloaded using link preload but not used within a few seconds from the window's load event. Please make sure it has an appropriate `as` value and it is preloaded intentionally. @ https://macone.vn/mac-mini/:0
[  361577ms] [LOG] Zalo Social Plugin is loaded successfully @ https://sp.zalo.me/plugins/sdk.js:1
[  361578ms] [LOG] socialPluginsShare:  [] @ https://sp.zalo.me/plugins/sdk.js:1
[  361583ms] [LOG] undefined @ https://macone.vn/wp-content/themes/mo/js/main.js?v=1.6.61.4:96
[  362612ms] [LOG] [CV] ConversionValidator initialized @ :0
[  362828ms] [ERROR] Attestation check for Attribution Reporting on https://www.facebook.com failed. @ https://macone.vn/mac-mini-m4/:0
[  366275ms] [WARNING] The resource https://macone.vn/assets/custom.css?v=1051670 was preloaded using link preload but not used within a few seconds from the window's load event. Please make sure it has an appropriate `as` value and it is preloaded intentionally. @ https://macone.vn/mac-mini-m4/:0
[  366275ms] [WARNING] The resource https://macone.vn/wp-content/uploads/2019/06/macone-vn-map.jpg was preloaded using link preload but not used within a few seconds from the window's load event. Please make sure it has an appropriate `as` value and it is preloaded intentionally. @ https://macone.vn/mac-mini-m4/:0
[  366275ms] [WARNING] The resource https://macone.vn/wp-content/uploads/2018/11/dathongbao-1-e1542425893350.png was preloaded using link preload but not used within a few seconds from the window's load event. Please make sure it has an appropriate `as` value and it is preloaded intentionally. @ https://macone.vn/mac-mini-m4/:0
[  366275ms] [WARNING] The resource https://macone.vn/wp-content/uploads/2019/06/macone-youtube.jpg was preloaded using link preload but not used within a few seconds from the window's load event. Please make sure it has an appropriate `as` value and it is preloaded intentionally. @ https://macone.vn/mac-mini-m4/:0
[  366275ms] [WARNING] The resource https://macone.vn/wp-content/themes/mo/images/logo-new.jpg was preloaded using link preload but not used within a few seconds from the window's load event. Please make sure it has an appropriate `as` value and it is preloaded intentionally. @ https://macone.vn/mac-mini-m4/:0
[  370416ms] [WARNING] The resource https://macone.vn/assets/custom.css?v=1051670 was preloaded using link preload but not used within a few seconds from the window's load event. Please make sure it has an appropriate `as` value and it is preloaded intentionally. @ https://macone.vn/mac-mini-m4/:0
[  370416ms] [WARNING] The resource https://macone.vn/wp-content/uploads/2019/06/macone-vn-map.jpg was preloaded using link preload but not used within a few seconds from the window's load event. Please make sure it has an appropriate `as` value and it is preloaded intentionally. @ https://macone.vn/mac-mini-m4/:0
[  370416ms] [WARNING] The resource https://macone.vn/wp-content/uploads/2018/11/dathongbao-1-e1542425893350.png was preloaded using link preload but not used within a few seconds from the window's load event. Please make sure it has an appropriate `as` value and it is preloaded intentionally. @ https://macone.vn/mac-mini-m4/:0
[  370416ms] [WARNING] The resource https://macone.vn/wp-content/uploads/2019/06/macone-youtube.jpg was preloaded using link preload but not used within a few seconds from the window's load event. Please make sure it has an appropriate `as` value and it is preloaded intentionally. @ https://macone.vn/mac-mini-m4/:0
[  370416ms] [WARNING] The resource https://macone.vn/wp-content/themes/mo/images/logo-new.jpg was preloaded using link preload but not used within a few seconds from the window's load event. Please make sure it has an appropriate `as` value and it is preloaded intentionally. @ https://macone.vn/mac-mini-m4/:0
